<?xml version="1.0" encoding="UTF-8"?>
<!-- Generated by org.testng.reporters.JUnitReportReporter -->
<testsuite hostname="DESKTOP-7DAGK3H" failures="0" tests="1" name="Test.TestSample" time="12.314" errors="0" timestamp="2022-06-18T18:48:38 IST" skipped="0">
  <testcase classname="Test.TestSample" name="businessProcess" time="12.314"/>
  <system-out/>
</testsuite> <!-- Test.TestSample -->
