<?xml version="1.0" encoding="UTF-8"?>
<!-- Generated by org.testng.reporters.JUnitReportReporter -->
<testsuite hostname="DESKTOP-7DAGK3H" failures="0" tests="1" name="Test.TestSample" time="21.702" errors="0" timestamp="2022-06-26T19:48:29 IST" skipped="0">
  <testcase classname="Test.TestSample" name="businessProcess" time="21.702"/>
  <system-out/>
</testsuite> <!-- Test.TestSample -->
