<?xml version="1.0" encoding="UTF-8"?>
<!-- Generated by org.testng.reporters.JUnitReportReporter -->
<testsuite hostname="DESKTOP-7DAGK3H" failures="0" tests="1" name="CodeTest.DropDownTest" time="13.234" errors="0" timestamp="2022-07-03T13:42:29 IST" skipped="0">
  <testcase classname="CodeTest.DropDownTest" name="dropDownTest" time="13.234"/>
  <system-out/>
</testsuite> <!-- CodeTest.DropDownTest -->
