<?xml version="1.0" encoding="UTF-8"?>
<!-- Generated by org.testng.reporters.JUnitReportReporter -->
<testsuite hostname="DESKTOP-7DAGK3H" failures="0" tests="1" name="CodeTest.OmayoTest" time="41.429" errors="0" timestamp="2022-07-03T20:36:37 IST" skipped="0">
  <testcase classname="CodeTest.OmayoTest" name="omayoTest" time="41.429"/>
  <system-out/>
</testsuite> <!-- CodeTest.OmayoTest -->
