<?xml version="1.0" encoding="UTF-8"?>
<!-- Generated by org.testng.reporters.JUnitReportReporter -->
<testsuite hostname="DESKTOP-7DAGK3H" failures="0" tests="1" name="CodeTest.AlertHandlerTest" time="21.931" errors="0" timestamp="2022-07-09T11:40:02 IST" skipped="0">
  <testcase classname="CodeTest.AlertHandlerTest" name="alertHandlerTest" time="21.931"/>
  <system-out/>
</testsuite> <!-- CodeTest.AlertHandlerTest -->
