<?xml version="1.0" encoding="UTF-8"?>
<!-- Generated by org.testng.reporters.JUnitReportReporter -->
<testsuite hostname="DESKTOP-7DAGK3H" failures="0" tests="1" name="CodeTest.HoverTest" time="17.271" errors="0" timestamp="2022-07-03T17:56:51 IST" skipped="0">
  <testcase classname="CodeTest.HoverTest" name="hoverTest" time="17.271"/>
  <system-out/>
</testsuite> <!-- CodeTest.HoverTest -->
