<?xml version="1.0" encoding="UTF-8"?>
<!-- Generated by org.testng.reporters.JUnitReportReporter -->
<testsuite hostname="DESKTOP-7DAGK3H" failures="0" tests="1" name="Test.TestClass" time="18.274" errors="0" timestamp="2022-07-03T13:26:00 IST" skipped="0">
  <testcase classname="Test.TestClass" name="test3" time="18.274"/>
  <system-out/>
</testsuite> <!-- Test.TestClass -->
