<?xml version="1.0" encoding="UTF-8"?>
<!-- Generated by org.testng.reporters.JUnitReportReporter -->
<testsuite hostname="DESKTOP-7DAGK3H" failures="0" tests="1" name="CodeTest.WindowHandleTest" time="16.322" errors="0" timestamp="2022-07-10T19:21:03 IST" skipped="0">
  <testcase classname="CodeTest.WindowHandleTest" name="windowHandlesTest" time="16.322"/>
  <system-out/>
</testsuite> <!-- CodeTest.WindowHandleTest -->
