<?xml version="1.0" encoding="UTF-8"?>
<!-- Generated by org.testng.reporters.JUnitReportReporter -->
<testsuite hostname="DESKTOP-7DAGK3H" failures="0" tests="1" name="Test.CalendarDemo" time="57.479" errors="0" timestamp="2022-06-26T09:51:01 IST" skipped="0">
  <testcase classname="Test.CalendarDemo" name="calenderDemo" time="57.479"/>
  <system-out/>
</testsuite> <!-- Test.CalendarDemo -->
